<?xml version="1.0" encoding="UTF-8"?><testsuite errors="0" failures="0" name="lab07.features.search.UBBLoginTesting" skipped="0" tests="4" time="41.37" timestamp="2018-05-21T10:33:26.419+03:00[Europe/Athens]"><testcase classname="lab07.features.search.UBBLoginTesting" name="Valid directory test"/><testcase classname="lab07.features.search.UBBLoginTesting" name="Invalid directory test"/><testcase classname="lab07.features.search.UBBLoginTesting" name="Valid login test"/><testcase classname="lab07.features.search.UBBLoginTesting" name="Invalid login test"/></testsuite>